{"C:\\Users\\coren\\Desktop\\ESP2\\T-ESP-800-project_esp800-56334-TLS-ShopForMe-2\\backend\\src\\controllers\\auth.controller.ts": {"path":"C:\\Users\\coren\\Desktop\\ESP2\\T-ESP-800-project_esp800-56334-TLS-ShopForMe-2\\backend\\src\\controllers\\auth.controller.ts","statementMap":{"0":{"start":{"line":2,"column":0},"end":{"line":2,"column":46}},"1":{"start":{"line":3,"column":0},"end":{"line":3,"column":30}},"2":{"start":{"line":5,"column":0},"end":{"line":5,"column":72}},"3":{"start":{"line":6,"column":0},"end":{"line":6,"column":61}},"4":{"start":{"line":9,"column":24},"end":{"line":29,"column":null}},"5":{"start":{"line":9,"column":62},"end":{"line":29,"column":null}},"6":{"start":{"line":10,"column":69},"end":{"line":10,"column":77}},"7":{"start":{"line":11,"column":4},"end":{"line":28,"column":5}},"8":{"start":{"line":12,"column":39},"end":{"line":12,"column":70}},"9":{"start":{"line":13,"column":36},"end":{"line":13,"column":61}},"10":{"start":{"line":15,"column":8},"end":{"line":17,"column":9}},"11":{"start":{"line":16,"column":12},"end":{"line":16,"column":77}},"12":{"start":{"line":19,"column":35},"end":{"line":19,"column":74}},"13":{"start":{"line":20,"column":39},"end":{"line":20,"column":69}},"14":{"start":{"line":22,"column":8},"end":{"line":22,"column":96}},"15":{"start":{"line":24,"column":8},"end":{"line":26,"column":9}},"16":{"start":{"line":25,"column":12},"end":{"line":25,"column":76}},"17":{"start":{"line":27,"column":8},"end":{"line":27,"column":74}},"18":{"start":{"line":9,"column":13},"end":{"line":9,"column":24}},"19":{"start":{"line":31,"column":21},"end":{"line":47,"column":null}},"20":{"start":{"line":31,"column":59},"end":{"line":47,"column":null}},"21":{"start":{"line":32,"column":69},"end":{"line":32,"column":77}},"22":{"start":{"line":33,"column":4},"end":{"line":46,"column":5}},"23":{"start":{"line":34,"column":42},"end":{"line":34,"column":81}},"24":{"start":{"line":35,"column":8},"end":{"line":37,"column":9}},"25":{"start":{"line":36,"column":12},"end":{"line":36,"column":82}},"26":{"start":{"line":38,"column":39},"end":{"line":38,"column":69}},"27":{"start":{"line":40,"column":8},"end":{"line":40,"column":98}},"28":{"start":{"line":42,"column":8},"end":{"line":44,"column":9}},"29":{"start":{"line":43,"column":12},"end":{"line":43,"column":78}},"30":{"start":{"line":45,"column":8},"end":{"line":45,"column":74}},"31":{"start":{"line":31,"column":13},"end":{"line":31,"column":21}}},"fnMap":{"0":{"name":"(anonymous_8)","decl":{"start":{"line":9,"column":24},"end":{"line":9,"column":31}},"loc":{"start":{"line":9,"column":62},"end":{"line":29,"column":null}}},"1":{"name":"(anonymous_9)","decl":{"start":{"line":9,"column":62},"end":{"line":9,"column":null}},"loc":{"start":{"line":9,"column":62},"end":{"line":29,"column":1}}},"2":{"name":"(anonymous_10)","decl":{"start":{"line":31,"column":21},"end":{"line":31,"column":28}},"loc":{"start":{"line":31,"column":59},"end":{"line":47,"column":null}}},"3":{"name":"(anonymous_11)","decl":{"start":{"line":31,"column":59},"end":{"line":31,"column":null}},"loc":{"start":{"line":31,"column":59},"end":{"line":47,"column":1}}}},"branchMap":{"0":{"loc":{"start":{"line":15,"column":8},"end":{"line":17,"column":9}},"type":"if","locations":[{"start":{"line":15,"column":8},"end":{"line":17,"column":9}}]},"1":{"loc":{"start":{"line":24,"column":8},"end":{"line":26,"column":9}},"type":"if","locations":[{"start":{"line":24,"column":8},"end":{"line":26,"column":9}}]},"2":{"loc":{"start":{"line":35,"column":8},"end":{"line":37,"column":9}},"type":"if","locations":[{"start":{"line":35,"column":8},"end":{"line":37,"column":9}}]},"3":{"loc":{"start":{"line":42,"column":8},"end":{"line":44,"column":9}},"type":"if","locations":[{"start":{"line":42,"column":8},"end":{"line":44,"column":9}}]}},"s":{"0":1,"1":1,"2":1,"3":1,"4":1,"5":4,"6":4,"7":4,"8":4,"9":4,"10":4,"11":1,"12":3,"13":1,"14":1,"15":2,"16":1,"17":1,"18":1,"19":1,"20":4,"21":4,"22":4,"23":4,"24":2,"25":1,"26":1,"27":1,"28":2,"29":1,"30":1,"31":1},"f":{"0":4,"1":4,"2":4,"3":4},"b":{"0":[1],"1":[1],"2":[1],"3":[1]}}
,"C:\\Users\\coren\\Desktop\\ESP2\\T-ESP-800-project_esp800-56334-TLS-ShopForMe-2\\backend\\src\\controllers\\product.controller.ts": {"path":"C:\\Users\\coren\\Desktop\\ESP2\\T-ESP-800-project_esp800-56334-TLS-ShopForMe-2\\backend\\src\\controllers\\product.controller.ts","statementMap":{"0":{"start":{"line":2,"column":0},"end":{"line":2,"column":null}},"1":{"start":{"line":16,"column":30},"end":{"line":23,"column":null}},"2":{"start":{"line":16,"column":68},"end":{"line":23,"column":null}},"3":{"start":{"line":17,"column":4},"end":{"line":22,"column":5}},"4":{"start":{"line":18,"column":21},"end":{"line":18,"column":58}},"5":{"start":{"line":19,"column":8},"end":{"line":19,"column":42}},"6":{"start":{"line":21,"column":8},"end":{"line":21,"column":72}},"7":{"start":{"line":16,"column":13},"end":{"line":16,"column":30}},"8":{"start":{"line":25,"column":29},"end":{"line":32,"column":null}},"9":{"start":{"line":25,"column":67},"end":{"line":32,"column":null}},"10":{"start":{"line":26,"column":4},"end":{"line":31,"column":5}},"11":{"start":{"line":27,"column":28},"end":{"line":27,"column":75}},"12":{"start":{"line":28,"column":8},"end":{"line":28,"column":49}},"13":{"start":{"line":30,"column":8},"end":{"line":30,"column":79}},"14":{"start":{"line":25,"column":13},"end":{"line":25,"column":29}},"15":{"start":{"line":34,"column":29},"end":{"line":41,"column":null}},"16":{"start":{"line":34,"column":67},"end":{"line":41,"column":null}},"17":{"start":{"line":35,"column":4},"end":{"line":40,"column":5}},"18":{"start":{"line":36,"column":21},"end":{"line":36,"column":43}},"19":{"start":{"line":37,"column":8},"end":{"line":37,"column":null}},"20":{"start":{"line":39,"column":8},"end":{"line":39,"column":79}},"21":{"start":{"line":34,"column":13},"end":{"line":34,"column":29}},"22":{"start":{"line":44,"column":30},"end":{"line":51,"column":null}},"23":{"start":{"line":44,"column":68},"end":{"line":51,"column":null}},"24":{"start":{"line":45,"column":4},"end":{"line":50,"column":5}},"25":{"start":{"line":46,"column":22},"end":{"line":46,"column":33}},"26":{"start":{"line":47,"column":8},"end":{"line":47,"column":43}},"27":{"start":{"line":49,"column":8},"end":{"line":49,"column":79}},"28":{"start":{"line":44,"column":13},"end":{"line":44,"column":30}},"29":{"start":{"line":53,"column":30},"end":{"line":60,"column":null}},"30":{"start":{"line":53,"column":68},"end":{"line":60,"column":null}},"31":{"start":{"line":54,"column":4},"end":{"line":59,"column":5}},"32":{"start":{"line":55,"column":22},"end":{"line":55,"column":60}},"33":{"start":{"line":56,"column":8},"end":{"line":56,"column":43}},"34":{"start":{"line":58,"column":8},"end":{"line":58,"column":79}},"35":{"start":{"line":53,"column":13},"end":{"line":53,"column":30}},"36":{"start":{"line":62,"column":36},"end":{"line":69,"column":null}},"37":{"start":{"line":62,"column":74},"end":{"line":69,"column":null}},"38":{"start":{"line":63,"column":4},"end":{"line":68,"column":5}},"39":{"start":{"line":64,"column":22},"end":{"line":64,"column":72}},"40":{"start":{"line":65,"column":8},"end":{"line":65,"column":43}},"41":{"start":{"line":67,"column":8},"end":{"line":67,"column":79}},"42":{"start":{"line":62,"column":13},"end":{"line":62,"column":36}},"43":{"start":{"line":71,"column":37},"end":{"line":79,"column":null}},"44":{"start":{"line":71,"column":75},"end":{"line":79,"column":null}},"45":{"start":{"line":72,"column":4},"end":{"line":78,"column":5}},"46":{"start":{"line":73,"column":43},"end":{"line":73,"column":51}},"47":{"start":{"line":74,"column":22},"end":{"line":74,"column":74}},"48":{"start":{"line":75,"column":8},"end":{"line":75,"column":43}},"49":{"start":{"line":77,"column":8},"end":{"line":77,"column":79}},"50":{"start":{"line":71,"column":13},"end":{"line":71,"column":37}},"51":{"start":{"line":81,"column":41},"end":{"line":89,"column":null}},"52":{"start":{"line":81,"column":79},"end":{"line":89,"column":null}},"53":{"start":{"line":82,"column":4},"end":{"line":88,"column":5}},"54":{"start":{"line":83,"column":21},"end":{"line":83,"column":34}},"55":{"start":{"line":84,"column":22},"end":{"line":84,"column":58}},"56":{"start":{"line":85,"column":8},"end":{"line":85,"column":43}},"57":{"start":{"line":87,"column":8},"end":{"line":87,"column":79}},"58":{"start":{"line":81,"column":13},"end":{"line":81,"column":41}},"59":{"start":{"line":91,"column":38},"end":{"line":100,"column":null}},"60":{"start":{"line":91,"column":76},"end":{"line":100,"column":null}},"61":{"start":{"line":92,"column":4},"end":{"line":99,"column":5}},"62":{"start":{"line":93,"column":19},"end":{"line":93,"column":42}},"63":{"start":{"line":94,"column":24},"end":{"line":94,"column":55}},"64":{"start":{"line":95,"column":8},"end":{"line":95,"column":45}},"65":{"start":{"line":98,"column":8},"end":{"line":98,"column":79}},"66":{"start":{"line":91,"column":13},"end":{"line":91,"column":38}}},"fnMap":{"0":{"name":"(anonymous_7)","decl":{"start":{"line":16,"column":30},"end":{"line":16,"column":37}},"loc":{"start":{"line":16,"column":68},"end":{"line":23,"column":null}}},"1":{"name":"(anonymous_8)","decl":{"start":{"line":16,"column":68},"end":{"line":16,"column":null}},"loc":{"start":{"line":16,"column":68},"end":{"line":23,"column":1}}},"2":{"name":"(anonymous_9)","decl":{"start":{"line":25,"column":29},"end":{"line":25,"column":36}},"loc":{"start":{"line":25,"column":67},"end":{"line":32,"column":null}}},"3":{"name":"(anonymous_10)","decl":{"start":{"line":25,"column":67},"end":{"line":25,"column":null}},"loc":{"start":{"line":25,"column":67},"end":{"line":32,"column":1}}},"4":{"name":"(anonymous_11)","decl":{"start":{"line":34,"column":29},"end":{"line":34,"column":36}},"loc":{"start":{"line":34,"column":67},"end":{"line":41,"column":null}}},"5":{"name":"(anonymous_12)","decl":{"start":{"line":34,"column":67},"end":{"line":34,"column":null}},"loc":{"start":{"line":34,"column":67},"end":{"line":41,"column":1}}},"6":{"name":"(anonymous_13)","decl":{"start":{"line":44,"column":30},"end":{"line":44,"column":37}},"loc":{"start":{"line":44,"column":68},"end":{"line":51,"column":null}}},"7":{"name":"(anonymous_14)","decl":{"start":{"line":44,"column":68},"end":{"line":44,"column":null}},"loc":{"start":{"line":44,"column":68},"end":{"line":51,"column":1}}},"8":{"name":"(anonymous_15)","decl":{"start":{"line":53,"column":30},"end":{"line":53,"column":37}},"loc":{"start":{"line":53,"column":68},"end":{"line":60,"column":null}}},"9":{"name":"(anonymous_16)","decl":{"start":{"line":53,"column":68},"end":{"line":53,"column":null}},"loc":{"start":{"line":53,"column":68},"end":{"line":60,"column":1}}},"10":{"name":"(anonymous_17)","decl":{"start":{"line":62,"column":36},"end":{"line":62,"column":43}},"loc":{"start":{"line":62,"column":74},"end":{"line":69,"column":null}}},"11":{"name":"(anonymous_18)","decl":{"start":{"line":62,"column":74},"end":{"line":62,"column":null}},"loc":{"start":{"line":62,"column":74},"end":{"line":69,"column":1}}},"12":{"name":"(anonymous_19)","decl":{"start":{"line":71,"column":37},"end":{"line":71,"column":44}},"loc":{"start":{"line":71,"column":75},"end":{"line":79,"column":null}}},"13":{"name":"(anonymous_20)","decl":{"start":{"line":71,"column":75},"end":{"line":71,"column":null}},"loc":{"start":{"line":71,"column":75},"end":{"line":79,"column":1}}},"14":{"name":"(anonymous_21)","decl":{"start":{"line":81,"column":41},"end":{"line":81,"column":48}},"loc":{"start":{"line":81,"column":79},"end":{"line":89,"column":null}}},"15":{"name":"(anonymous_22)","decl":{"start":{"line":81,"column":79},"end":{"line":81,"column":null}},"loc":{"start":{"line":81,"column":79},"end":{"line":89,"column":1}}},"16":{"name":"(anonymous_23)","decl":{"start":{"line":91,"column":38},"end":{"line":91,"column":45}},"loc":{"start":{"line":91,"column":76},"end":{"line":100,"column":null}}},"17":{"name":"(anonymous_24)","decl":{"start":{"line":91,"column":76},"end":{"line":91,"column":null}},"loc":{"start":{"line":91,"column":76},"end":{"line":100,"column":1}}}},"branchMap":{},"s":{"0":1,"1":1,"2":2,"3":2,"4":2,"5":1,"6":1,"7":1,"8":1,"9":2,"10":2,"11":2,"12":1,"13":1,"14":1,"15":1,"16":2,"17":2,"18":2,"19":1,"20":1,"21":1,"22":1,"23":2,"24":2,"25":2,"26":1,"27":1,"28":1,"29":1,"30":2,"31":2,"32":2,"33":1,"34":1,"35":1,"36":1,"37":2,"38":2,"39":2,"40":1,"41":1,"42":1,"43":1,"44":2,"45":2,"46":2,"47":2,"48":1,"49":1,"50":1,"51":1,"52":0,"53":0,"54":0,"55":0,"56":0,"57":0,"58":1,"59":1,"60":2,"61":2,"62":2,"63":2,"64":1,"65":1,"66":1},"f":{"0":2,"1":2,"2":2,"3":2,"4":2,"5":2,"6":2,"7":2,"8":2,"9":2,"10":2,"11":2,"12":2,"13":2,"14":0,"15":0,"16":2,"17":2},"b":{}}
,"C:\\Users\\coren\\Desktop\\ESP2\\T-ESP-800-project_esp800-56334-TLS-ShopForMe-2\\backend\\src\\controllers\\shop.controller.ts": {"path":"C:\\Users\\coren\\Desktop\\ESP2\\T-ESP-800-project_esp800-56334-TLS-ShopForMe-2\\backend\\src\\controllers\\shop.controller.ts","statementMap":{"0":{"start":{"line":2,"column":0},"end":{"line":2,"column":104}},"1":{"start":{"line":6,"column":28},"end":{"line":13,"column":null}},"2":{"start":{"line":6,"column":66},"end":{"line":13,"column":null}},"3":{"start":{"line":7,"column":4},"end":{"line":12,"column":5}},"4":{"start":{"line":8,"column":21},"end":{"line":8,"column":63}},"5":{"start":{"line":9,"column":8},"end":{"line":9,"column":42}},"6":{"start":{"line":11,"column":8},"end":{"line":11,"column":72}},"7":{"start":{"line":6,"column":13},"end":{"line":6,"column":28}},"8":{"start":{"line":15,"column":27},"end":{"line":22,"column":null}},"9":{"start":{"line":15,"column":65},"end":{"line":22,"column":null}},"10":{"start":{"line":16,"column":4},"end":{"line":21,"column":5}},"11":{"start":{"line":17,"column":28},"end":{"line":17,"column":79}},"12":{"start":{"line":18,"column":8},"end":{"line":18,"column":49}},"13":{"start":{"line":20,"column":8},"end":{"line":20,"column":79}},"14":{"start":{"line":15,"column":13},"end":{"line":15,"column":27}},"15":{"start":{"line":24,"column":27},"end":{"line":31,"column":null}},"16":{"start":{"line":24,"column":65},"end":{"line":31,"column":null}},"17":{"start":{"line":25,"column":4},"end":{"line":30,"column":5}},"18":{"start":{"line":26,"column":28},"end":{"line":26,"column":69}},"19":{"start":{"line":27,"column":8},"end":{"line":27,"column":49}},"20":{"start":{"line":29,"column":8},"end":{"line":29,"column":79}},"21":{"start":{"line":24,"column":13},"end":{"line":24,"column":27}},"22":{"start":{"line":33,"column":27},"end":{"line":40,"column":null}},"23":{"start":{"line":33,"column":65},"end":{"line":40,"column":null}},"24":{"start":{"line":34,"column":4},"end":{"line":39,"column":5}},"25":{"start":{"line":35,"column":21},"end":{"line":35,"column":47}},"26":{"start":{"line":36,"column":8},"end":{"line":36,"column":null}},"27":{"start":{"line":38,"column":8},"end":{"line":38,"column":79}},"28":{"start":{"line":33,"column":13},"end":{"line":33,"column":27}},"29":{"start":{"line":43,"column":28},"end":{"line":50,"column":null}},"30":{"start":{"line":43,"column":66},"end":{"line":50,"column":null}},"31":{"start":{"line":44,"column":4},"end":{"line":49,"column":5}},"32":{"start":{"line":45,"column":22},"end":{"line":45,"column":41}},"33":{"start":{"line":46,"column":8},"end":{"line":46,"column":43}},"34":{"start":{"line":48,"column":8},"end":{"line":48,"column":79}},"35":{"start":{"line":43,"column":13},"end":{"line":43,"column":28}}},"fnMap":{"0":{"name":"(anonymous_7)","decl":{"start":{"line":6,"column":28},"end":{"line":6,"column":35}},"loc":{"start":{"line":6,"column":66},"end":{"line":13,"column":null}}},"1":{"name":"(anonymous_8)","decl":{"start":{"line":6,"column":66},"end":{"line":6,"column":null}},"loc":{"start":{"line":6,"column":66},"end":{"line":13,"column":1}}},"2":{"name":"(anonymous_9)","decl":{"start":{"line":15,"column":27},"end":{"line":15,"column":34}},"loc":{"start":{"line":15,"column":65},"end":{"line":22,"column":null}}},"3":{"name":"(anonymous_10)","decl":{"start":{"line":15,"column":65},"end":{"line":15,"column":null}},"loc":{"start":{"line":15,"column":65},"end":{"line":22,"column":1}}},"4":{"name":"(anonymous_11)","decl":{"start":{"line":24,"column":27},"end":{"line":24,"column":34}},"loc":{"start":{"line":24,"column":65},"end":{"line":31,"column":null}}},"5":{"name":"(anonymous_12)","decl":{"start":{"line":24,"column":65},"end":{"line":24,"column":null}},"loc":{"start":{"line":24,"column":65},"end":{"line":31,"column":1}}},"6":{"name":"(anonymous_13)","decl":{"start":{"line":33,"column":27},"end":{"line":33,"column":34}},"loc":{"start":{"line":33,"column":65},"end":{"line":40,"column":null}}},"7":{"name":"(anonymous_14)","decl":{"start":{"line":33,"column":65},"end":{"line":33,"column":null}},"loc":{"start":{"line":33,"column":65},"end":{"line":40,"column":1}}},"8":{"name":"(anonymous_15)","decl":{"start":{"line":43,"column":28},"end":{"line":43,"column":35}},"loc":{"start":{"line":43,"column":66},"end":{"line":50,"column":null}}},"9":{"name":"(anonymous_16)","decl":{"start":{"line":43,"column":66},"end":{"line":43,"column":null}},"loc":{"start":{"line":43,"column":66},"end":{"line":50,"column":1}}}},"branchMap":{},"s":{"0":1,"1":1,"2":2,"3":2,"4":2,"5":1,"6":1,"7":1,"8":1,"9":2,"10":2,"11":2,"12":1,"13":1,"14":1,"15":1,"16":2,"17":2,"18":2,"19":1,"20":1,"21":1,"22":1,"23":2,"24":2,"25":2,"26":1,"27":1,"28":1,"29":1,"30":2,"31":2,"32":2,"33":1,"34":1,"35":1},"f":{"0":2,"1":2,"2":2,"3":2,"4":2,"5":2,"6":2,"7":2,"8":2,"9":2},"b":{}}
,"C:\\Users\\coren\\Desktop\\ESP2\\T-ESP-800-project_esp800-56334-TLS-ShopForMe-2\\backend\\src\\controllers\\user.controller.ts": {"path":"C:\\Users\\coren\\Desktop\\ESP2\\T-ESP-800-project_esp800-56334-TLS-ShopForMe-2\\backend\\src\\controllers\\user.controller.ts","statementMap":{"0":{"start":{"line":3,"column":0},"end":{"line":3,"column":71}},"1":{"start":{"line":11,"column":23},"end":{"line":43,"column":null}},"2":{"start":{"line":11,"column":61},"end":{"line":43,"column":null}},"3":{"start":{"line":12,"column":4},"end":{"line":42,"column":5}},"4":{"start":{"line":13,"column":32},"end":{"line":13,"column":41}},"5":{"start":{"line":14,"column":8},"end":{"line":16,"column":9}},"6":{"start":{"line":15,"column":12},"end":{"line":15,"column":79}},"7":{"start":{"line":17,"column":33},"end":{"line":17,"column":35}},"8":{"start":{"line":18,"column":40},"end":{"line":18,"column":44}},"9":{"start":{"line":20,"column":8},"end":{"line":31,"column":9}},"10":{"start":{"line":22,"column":16},"end":{"line":22,"column":54}},"11":{"start":{"line":23,"column":16},"end":{"line":23,"column":52}},"12":{"start":{"line":24,"column":16},"end":{"line":24,"column":22}},"13":{"start":{"line":26,"column":16},"end":{"line":26,"column":47}},"14":{"start":{"line":27,"column":16},"end":{"line":27,"column":58}},"15":{"start":{"line":28,"column":16},"end":{"line":28,"column":22}},"16":{"start":{"line":30,"column":16},"end":{"line":30,"column":83}},"17":{"start":{"line":33,"column":8},"end":{"line":35,"column":9}},"18":{"start":{"line":34,"column":12},"end":{"line":34,"column":69}},"19":{"start":{"line":38,"column":8},"end":{"line":38,"column":73}},"20":{"start":{"line":41,"column":8},"end":{"line":41,"column":72}},"21":{"start":{"line":11,"column":13},"end":{"line":11,"column":23}}},"fnMap":{"0":{"name":"(anonymous_7)","decl":{"start":{"line":11,"column":23},"end":{"line":11,"column":30}},"loc":{"start":{"line":11,"column":61},"end":{"line":43,"column":null}}},"1":{"name":"(anonymous_8)","decl":{"start":{"line":11,"column":61},"end":{"line":11,"column":null}},"loc":{"start":{"line":11,"column":61},"end":{"line":43,"column":1}}}},"branchMap":{"0":{"loc":{"start":{"line":14,"column":8},"end":{"line":16,"column":9}},"type":"if","locations":[{"start":{"line":14,"column":8},"end":{"line":16,"column":9}}]},"1":{"loc":{"start":{"line":14,"column":11},"end":{"line":14,"column":28}},"type":"binary-expr","locations":[{"start":{"line":14,"column":11},"end":{"line":14,"column":18}},{"start":{"line":14,"column":22},"end":{"line":14,"column":28}}]},"2":{"loc":{"start":{"line":20,"column":8},"end":{"line":31,"column":9}},"type":"switch","locations":[{"start":{"line":21,"column":12},"end":{"line":24,"column":22}},{"start":{"line":25,"column":12},"end":{"line":28,"column":22}},{"start":{"line":29,"column":12},"end":{"line":30,"column":83}}]},"3":{"loc":{"start":{"line":33,"column":8},"end":{"line":35,"column":9}},"type":"if","locations":[{"start":{"line":33,"column":8},"end":{"line":35,"column":9}}]}},"s":{"0":1,"1":1,"2":5,"3":5,"4":5,"5":5,"6":1,"7":4,"8":4,"9":4,"10":3,"11":3,"12":2,"13":1,"14":1,"15":1,"16":0,"17":3,"18":1,"19":2,"20":1,"21":1},"f":{"0":5,"1":5},"b":{"0":[1],"1":[5,4],"2":[3,1,0],"3":[1]}}
,"C:\\Users\\coren\\Desktop\\ESP2\\T-ESP-800-project_esp800-56334-TLS-ShopForMe-2\\backend\\src\\models\\userDto.ts": {"path":"C:\\Users\\coren\\Desktop\\ESP2\\T-ESP-800-project_esp800-56334-TLS-ShopForMe-2\\backend\\src\\models\\userDto.ts","statementMap":{"0":{"start":{"line":3,"column":0},"end":{"line":3,"column":16}},"1":{"start":{"line":4,"column":4},"end":{"line":7,"column":null}}},"fnMap":{"0":{"name":"completeUserToCreateUser","decl":{"start":{"line":3,"column":16},"end":{"line":3,"column":40}},"loc":{"start":{"line":3,"column":67},"end":{"line":8,"column":1}}}},"branchMap":{},"s":{"0":2,"1":2},"f":{"0":2},"b":{}}
,"C:\\Users\\coren\\Desktop\\ESP2\\T-ESP-800-project_esp800-56334-TLS-ShopForMe-2\\backend\\src\\services\\auth.service.ts": {"path":"C:\\Users\\coren\\Desktop\\ESP2\\T-ESP-800-project_esp800-56334-TLS-ShopForMe-2\\backend\\src\\services\\auth.service.ts","statementMap":{"0":{"start":{"line":5,"column":0},"end":{"line":5,"column":22}},"1":{"start":{"line":20,"column":0},"end":{"line":20,"column":22}},"2":{"start":{"line":2,"column":0},"end":{"line":2,"column":30}},"3":{"start":{"line":3,"column":0},"end":{"line":3,"column":37}},"4":{"start":{"line":6,"column":4},"end":{"line":17,"column":5}},"5":{"start":{"line":7,"column":36},"end":{"line":12,"column":10}},"6":{"start":{"line":13,"column":8},"end":{"line":13,"column":20}},"7":{"start":{"line":16,"column":8},"end":{"line":16,"column":20}},"8":{"start":{"line":21,"column":4},"end":{"line":42,"column":5}},"9":{"start":{"line":24,"column":43},"end":{"line":28,"column":10}},"10":{"start":{"line":30,"column":8},"end":{"line":32,"column":9}},"11":{"start":{"line":31,"column":12},"end":{"line":31,"column":24}},"12":{"start":{"line":34,"column":40},"end":{"line":34,"column":85}},"13":{"start":{"line":36,"column":8},"end":{"line":38,"column":9}},"14":{"start":{"line":37,"column":12},"end":{"line":37,"column":24}},"15":{"start":{"line":39,"column":8},"end":{"line":39,"column":20}},"16":{"start":{"line":41,"column":8},"end":{"line":41,"column":20}}},"fnMap":{"0":{"name":"createUser","decl":{"start":{"line":5,"column":22},"end":{"line":5,"column":32}},"loc":{"start":{"line":5,"column":76},"end":{"line":18,"column":null}}},"1":{"name":"getByEmailAndPwd","decl":{"start":{"line":20,"column":22},"end":{"line":20,"column":38}},"loc":{"start":{"line":20,"column":70},"end":{"line":43,"column":null}}}},"branchMap":{"0":{"loc":{"start":{"line":30,"column":8},"end":{"line":32,"column":9}},"type":"if","locations":[{"start":{"line":30,"column":8},"end":{"line":32,"column":9}}]},"1":{"loc":{"start":{"line":36,"column":8},"end":{"line":38,"column":9}},"type":"if","locations":[{"start":{"line":36,"column":8},"end":{"line":38,"column":9}}]}},"s":{"0":2,"1":2,"2":2,"3":2,"4":2,"5":2,"6":1,"7":1,"8":3,"9":3,"10":2,"11":1,"12":1,"13":1,"14":0,"15":1,"16":1},"f":{"0":2,"1":3},"b":{"0":[1],"1":[0]}}
,"C:\\Users\\coren\\Desktop\\ESP2\\T-ESP-800-project_esp800-56334-TLS-ShopForMe-2\\backend\\src\\services\\product.service.ts": {"path":"C:\\Users\\coren\\Desktop\\ESP2\\T-ESP-800-project_esp800-56334-TLS-ShopForMe-2\\backend\\src\\services\\product.service.ts","statementMap":{"0":{"start":{"line":4,"column":0},"end":{"line":4,"column":22}},"1":{"start":{"line":16,"column":0},"end":{"line":16,"column":22}},"2":{"start":{"line":30,"column":0},"end":{"line":30,"column":22}},"3":{"start":{"line":42,"column":0},"end":{"line":42,"column":22}},"4":{"start":{"line":51,"column":0},"end":{"line":51,"column":22}},"5":{"start":{"line":67,"column":0},"end":{"line":67,"column":22}},"6":{"start":{"line":98,"column":0},"end":{"line":98,"column":22}},"7":{"start":{"line":113,"column":0},"end":{"line":113,"column":22}},"8":{"start":{"line":137,"column":0},"end":{"line":137,"column":22}},"9":{"start":{"line":1,"column":0},"end":{"line":1,"column":37}},"10":{"start":{"line":5,"column":4},"end":{"line":13,"column":5}},"11":{"start":{"line":6,"column":8},"end":{"line":10,"column":11}},"12":{"start":{"line":12,"column":8},"end":{"line":12,"column":20}},"13":{"start":{"line":17,"column":4},"end":{"line":27,"column":5}},"14":{"start":{"line":18,"column":8},"end":{"line":23,"column":11}},"15":{"start":{"line":26,"column":8},"end":{"line":26,"column":20}},"16":{"start":{"line":32,"column":4},"end":{"line":39,"column":5}},"17":{"start":{"line":33,"column":8},"end":{"line":35,"column":null}},"18":{"start":{"line":38,"column":8},"end":{"line":38,"column":16}},"19":{"start":{"line":43,"column":4},"end":{"line":48,"column":5}},"20":{"start":{"line":44,"column":8},"end":{"line":44,"column":47}},"21":{"start":{"line":47,"column":8},"end":{"line":47,"column":20}},"22":{"start":{"line":52,"column":4},"end":{"line":64,"column":5}},"23":{"start":{"line":53,"column":8},"end":{"line":61,"column":11}},"24":{"start":{"line":63,"column":8},"end":{"line":63,"column":20}},"25":{"start":{"line":68,"column":4},"end":{"line":95,"column":5}},"26":{"start":{"line":70,"column":25},"end":{"line":85,"column":10}},"27":{"start":{"line":87,"column":8},"end":{"line":91,"column":12}},"28":{"start":{"line":87,"column":39},"end":{"line":90,"column":null}},"29":{"start":{"line":94,"column":8},"end":{"line":94,"column":20}},"30":{"start":{"line":99,"column":4},"end":{"line":110,"column":7}},"31":{"start":{"line":114,"column":4},"end":{"line":134,"column":5}},"32":{"start":{"line":116,"column":24},"end":{"line":123,"column":10}},"33":{"start":{"line":125,"column":8},"end":{"line":127,"column":9}},"34":{"start":{"line":126,"column":12},"end":{"line":126,"column":null}},"35":{"start":{"line":130,"column":8},"end":{"line":130,"column":23}},"36":{"start":{"line":133,"column":8},"end":{"line":133,"column":20}},"37":{"start":{"line":138,"column":4},"end":{"line":152,"column":5}},"38":{"start":{"line":139,"column":24},"end":{"line":143,"column":10}},"39":{"start":{"line":144,"column":8},"end":{"line":146,"column":9}},"40":{"start":{"line":145,"column":12},"end":{"line":145,"column":null}},"41":{"start":{"line":148,"column":8},"end":{"line":148,"column":23}},"42":{"start":{"line":151,"column":8},"end":{"line":151,"column":20}}},"fnMap":{"0":{"name":"getOne","decl":{"start":{"line":4,"column":22},"end":{"line":4,"column":28}},"loc":{"start":{"line":4,"column":39},"end":{"line":14,"column":null}}},"1":{"name":"update","decl":{"start":{"line":16,"column":22},"end":{"line":16,"column":28}},"loc":{"start":{"line":16,"column":72},"end":{"line":28,"column":null}}},"2":{"name":"create","decl":{"start":{"line":30,"column":22},"end":{"line":30,"column":28}},"loc":{"start":{"line":30,"column":51},"end":{"line":40,"column":null}}},"3":{"name":"get","decl":{"start":{"line":42,"column":22},"end":{"line":42,"column":25}},"loc":{"start":{"line":42,"column":25},"end":{"line":49,"column":null}}},"4":{"name":"getFree","decl":{"start":{"line":51,"column":22},"end":{"line":51,"column":29}},"loc":{"start":{"line":51,"column":45},"end":{"line":65,"column":null}}},"5":{"name":"getAllProductByShop","decl":{"start":{"line":67,"column":22},"end":{"line":67,"column":41}},"loc":{"start":{"line":67,"column":57},"end":{"line":96,"column":null}}},"6":{"name":"(anonymous_20)","decl":{"start":{"line":87,"column":28},"end":{"line":87,"column":35}},"loc":{"start":{"line":87,"column":39},"end":{"line":90,"column":null}}},"7":{"name":"addNewProductToRayon","decl":{"start":{"line":98,"column":22},"end":{"line":98,"column":42}},"loc":{"start":{"line":98,"column":91},"end":{"line":111,"column":null}}},"8":{"name":"getProductsBySectionName","decl":{"start":{"line":113,"column":22},"end":{"line":113,"column":46}},"loc":{"start":{"line":113,"column":66},"end":{"line":135,"column":null}}},"9":{"name":"getSectionByProductId","decl":{"start":{"line":137,"column":22},"end":{"line":137,"column":43}},"loc":{"start":{"line":137,"column":61},"end":{"line":153,"column":null}}}},"branchMap":{"0":{"loc":{"start":{"line":89,"column":19},"end":{"line":89,"column":80}},"type":"cond-expr","locations":[{"start":{"line":89,"column":49},"end":{"line":89,"column":73}},{"start":{"line":89,"column":76},"end":{"line":89,"column":80}}]},"1":{"loc":{"start":{"line":125,"column":8},"end":{"line":127,"column":9}},"type":"if","locations":[{"start":{"line":125,"column":8},"end":{"line":127,"column":9}}]},"2":{"loc":{"start":{"line":144,"column":8},"end":{"line":146,"column":9}},"type":"if","locations":[{"start":{"line":144,"column":8},"end":{"line":146,"column":9}}]}},"s":{"0":2,"1":2,"2":2,"3":2,"4":2,"5":2,"6":2,"7":2,"8":2,"9":2,"10":3,"11":3,"12":1,"13":2,"14":2,"15":1,"16":2,"17":2,"18":1,"19":2,"20":2,"21":1,"22":2,"23":2,"24":1,"25":2,"26":2,"27":1,"28":2,"29":1,"30":1,"31":4,"32":4,"33":3,"34":0,"35":3,"36":1,"37":3,"38":3,"39":2,"40":1,"41":1,"42":1},"f":{"0":3,"1":2,"2":2,"3":2,"4":2,"5":2,"6":2,"7":1,"8":4,"9":3},"b":{"0":[1,1],"1":[0],"2":[1]}}
,"C:\\Users\\coren\\Desktop\\ESP2\\T-ESP-800-project_esp800-56334-TLS-ShopForMe-2\\backend\\src\\services\\shop.service.ts": {"path":"C:\\Users\\coren\\Desktop\\ESP2\\T-ESP-800-project_esp800-56334-TLS-ShopForMe-2\\backend\\src\\services\\shop.service.ts","statementMap":{"0":{"start":{"line":4,"column":0},"end":{"line":4,"column":22}},"1":{"start":{"line":16,"column":0},"end":{"line":16,"column":22}},"2":{"start":{"line":30,"column":0},"end":{"line":30,"column":22}},"3":{"start":{"line":50,"column":0},"end":{"line":50,"column":22}},"4":{"start":{"line":63,"column":0},"end":{"line":63,"column":22}},"5":{"start":{"line":1,"column":0},"end":{"line":1,"column":37}},"6":{"start":{"line":5,"column":4},"end":{"line":13,"column":5}},"7":{"start":{"line":6,"column":8},"end":{"line":10,"column":11}},"8":{"start":{"line":12,"column":8},"end":{"line":12,"column":20}},"9":{"start":{"line":17,"column":4},"end":{"line":27,"column":5}},"10":{"start":{"line":18,"column":8},"end":{"line":23,"column":11}},"11":{"start":{"line":26,"column":8},"end":{"line":26,"column":20}},"12":{"start":{"line":31,"column":4},"end":{"line":47,"column":5}},"13":{"start":{"line":33,"column":8},"end":{"line":37,"column":null}},"14":{"start":{"line":39,"column":8},"end":{"line":43,"column":11}},"15":{"start":{"line":46,"column":8},"end":{"line":46,"column":20}},"16":{"start":{"line":52,"column":4},"end":{"line":59,"column":5}},"17":{"start":{"line":53,"column":8},"end":{"line":55,"column":null}},"18":{"start":{"line":58,"column":8},"end":{"line":58,"column":16}},"19":{"start":{"line":64,"column":4},"end":{"line":69,"column":5}},"20":{"start":{"line":65,"column":8},"end":{"line":65,"column":45}},"21":{"start":{"line":68,"column":8},"end":{"line":68,"column":20}}},"fnMap":{"0":{"name":"getShopById","decl":{"start":{"line":4,"column":22},"end":{"line":4,"column":33}},"loc":{"start":{"line":4,"column":44},"end":{"line":14,"column":null}}},"1":{"name":"updateShop","decl":{"start":{"line":16,"column":22},"end":{"line":16,"column":32}},"loc":{"start":{"line":16,"column":73},"end":{"line":28,"column":null}}},"2":{"name":"deleteShop","decl":{"start":{"line":30,"column":22},"end":{"line":30,"column":32}},"loc":{"start":{"line":30,"column":43},"end":{"line":48,"column":null}}},"3":{"name":"createShop","decl":{"start":{"line":50,"column":22},"end":{"line":50,"column":32}},"loc":{"start":{"line":50,"column":52},"end":{"line":60,"column":null}}},"4":{"name":"getAllShops","decl":{"start":{"line":63,"column":22},"end":{"line":63,"column":33}},"loc":{"start":{"line":63,"column":33},"end":{"line":70,"column":null}}}},"branchMap":{},"s":{"0":2,"1":2,"2":2,"3":2,"4":2,"5":2,"6":3,"7":3,"8":1,"9":2,"10":2,"11":1,"12":2,"13":2,"14":1,"15":1,"16":2,"17":2,"18":1,"19":2,"20":2,"21":1},"f":{"0":3,"1":2,"2":2,"3":2,"4":2},"b":{}}
,"C:\\Users\\coren\\Desktop\\ESP2\\T-ESP-800-project_esp800-56334-TLS-ShopForMe-2\\backend\\src\\services\\user.service.ts": {"path":"C:\\Users\\coren\\Desktop\\ESP2\\T-ESP-800-project_esp800-56334-TLS-ShopForMe-2\\backend\\src\\services\\user.service.ts","statementMap":{"0":{"start":{"line":4,"column":0},"end":{"line":4,"column":22}},"1":{"start":{"line":18,"column":0},"end":{"line":18,"column":22}},"2":{"start":{"line":2,"column":0},"end":{"line":2,"column":37}},"3":{"start":{"line":5,"column":4},"end":{"line":15,"column":5}},"4":{"start":{"line":6,"column":21},"end":{"line":10,"column":10}},"5":{"start":{"line":12,"column":8},"end":{"line":12,"column":20}},"6":{"start":{"line":14,"column":8},"end":{"line":14,"column":20}},"7":{"start":{"line":19,"column":4},"end":{"line":29,"column":5}},"8":{"start":{"line":20,"column":21},"end":{"line":24,"column":10}},"9":{"start":{"line":26,"column":8},"end":{"line":26,"column":20}},"10":{"start":{"line":28,"column":8},"end":{"line":28,"column":20}}},"fnMap":{"0":{"name":"getUserById","decl":{"start":{"line":4,"column":22},"end":{"line":4,"column":33}},"loc":{"start":{"line":4,"column":44},"end":{"line":16,"column":null}}},"1":{"name":"getUserByEmail","decl":{"start":{"line":18,"column":22},"end":{"line":18,"column":36}},"loc":{"start":{"line":18,"column":50},"end":{"line":30,"column":null}}}},"branchMap":{},"s":{"0":2,"1":2,"2":2,"3":3,"4":3,"5":2,"6":1,"7":3,"8":3,"9":2,"10":1},"f":{"0":3,"1":3},"b":{}}
,"C:\\Users\\coren\\Desktop\\ESP2\\T-ESP-800-project_esp800-56334-TLS-ShopForMe-2\\backend\\src\\utils\\email.ts": {"path":"C:\\Users\\coren\\Desktop\\ESP2\\T-ESP-800-project_esp800-56334-TLS-ShopForMe-2\\backend\\src\\utils\\email.ts","statementMap":{"0":{"start":{"line":6,"column":0},"end":{"line":6,"column":22}},"1":{"start":{"line":2,"column":0},"end":{"line":2,"column":30}},"2":{"start":{"line":4,"column":27},"end":{"line":4,"column":77}},"3":{"start":{"line":7,"column":26},"end":{"line":7,"column":48}},"4":{"start":{"line":9,"column":4},"end":{"line":18,"column":5}},"5":{"start":{"line":10,"column":47},"end":{"line":16,"column":10}},"6":{"start":{"line":17,"column":8},"end":{"line":17,"column":44}},"7":{"start":{"line":19,"column":4},"end":{"line":19,"column":18}}},"fnMap":{"0":{"name":"isValidEmail","decl":{"start":{"line":6,"column":22},"end":{"line":6,"column":34}},"loc":{"start":{"line":6,"column":48},"end":{"line":20,"column":null}}}},"branchMap":{"0":{"loc":{"start":{"line":9,"column":4},"end":{"line":18,"column":5}},"type":"if","locations":[{"start":{"line":9,"column":4},"end":{"line":18,"column":5}}]},"1":{"loc":{"start":{"line":17,"column":17},"end":{"line":17,"column":43}},"type":"cond-expr","locations":[{"start":{"line":17,"column":31},"end":{"line":17,"column":36}},{"start":{"line":17,"column":39},"end":{"line":17,"column":43}}]}},"s":{"0":2,"1":2,"2":2,"3":2,"4":2,"5":2,"6":2,"7":2},"f":{"0":2},"b":{"0":[2],"1":[1,1]}}
,"C:\\Users\\coren\\Desktop\\ESP2\\T-ESP-800-project_esp800-56334-TLS-ShopForMe-2\\backend\\src\\utils\\prisma.ts": {"path":"C:\\Users\\coren\\Desktop\\ESP2\\T-ESP-800-project_esp800-56334-TLS-ShopForMe-2\\backend\\src\\utils\\prisma.ts","statementMap":{"0":{"start":{"line":1,"column":0},"end":{"line":1,"column":46}},"1":{"start":{"line":3,"column":15},"end":{"line":3,"column":33}},"2":{"start":{"line":5,"column":0},"end":{"line":5,"column":22}}},"fnMap":{},"branchMap":{},"s":{"0":5,"1":5,"2":5},"f":{},"b":{}}
}
