TN:
SF:src\controllers\auth.controller.ts
FN:17,(anonymous_8)
FN:17,(anonymous_9)
FN:47,(anonymous_10)
FN:47,(anonymous_11)
FNF:4
FNH:4
FNDA:4,(anonymous_8)
FNDA:4,(anonymous_9)
FNDA:4,(anonymous_10)
FNDA:4,(anonymous_11)
DA:2,1
DA:3,1
DA:5,1
DA:6,1
DA:17,4
DA:18,4
DA:19,4
DA:20,4
DA:21,4
DA:23,4
DA:24,1
DA:27,3
DA:28,1
DA:30,1
DA:32,2
DA:33,1
DA:35,1
DA:47,4
DA:48,4
DA:49,4
DA:50,4
DA:51,2
DA:52,1
DA:54,1
DA:56,1
DA:58,2
DA:59,1
DA:61,1
LF:28
LH:28
BRDA:23,0,0,1
BRDA:32,1,0,1
BRDA:51,2,0,1
BRDA:58,3,0,1
BRF:4
BRH:4
end_of_record
TN:
SF:src\controllers\product.controller.ts
FN:23,(anonymous_7)
FN:23,(anonymous_8)
FN:40,(anonymous_9)
FN:40,(anonymous_10)
FN:57,(anonymous_11)
FN:57,(anonymous_12)
FN:74,(anonymous_13)
FN:74,(anonymous_14)
FN:91,(anonymous_15)
FN:91,(anonymous_16)
FN:108,(anonymous_17)
FN:108,(anonymous_18)
FN:125,(anonymous_19)
FN:125,(anonymous_20)
FN:143,(anonymous_21)
FN:143,(anonymous_22)
FN:162,(anonymous_23)
FN:162,(anonymous_24)
FNF:18
FNH:16
FNDA:2,(anonymous_7)
FNDA:2,(anonymous_8)
FNDA:2,(anonymous_9)
FNDA:2,(anonymous_10)
FNDA:2,(anonymous_11)
FNDA:2,(anonymous_12)
FNDA:2,(anonymous_13)
FNDA:2,(anonymous_14)
FNDA:2,(anonymous_15)
FNDA:2,(anonymous_16)
FNDA:2,(anonymous_17)
FNDA:2,(anonymous_18)
FNDA:2,(anonymous_19)
FNDA:2,(anonymous_20)
FNDA:0,(anonymous_21)
FNDA:0,(anonymous_22)
FNDA:2,(anonymous_23)
FNDA:2,(anonymous_24)
DA:2,1
DA:23,2
DA:24,2
DA:25,2
DA:26,1
DA:28,1
DA:40,2
DA:41,2
DA:42,2
DA:43,1
DA:45,1
DA:57,2
DA:58,2
DA:59,2
DA:60,1
DA:62,1
DA:74,2
DA:75,2
DA:76,2
DA:77,1
DA:79,1
DA:91,2
DA:92,2
DA:93,2
DA:94,1
DA:96,1
DA:108,2
DA:109,2
DA:110,2
DA:111,1
DA:113,1
DA:125,2
DA:126,2
DA:127,2
DA:128,2
DA:129,1
DA:131,1
DA:143,1
DA:144,0
DA:145,0
DA:146,0
DA:147,0
DA:149,0
DA:162,2
DA:163,2
DA:164,2
DA:165,2
DA:166,1
DA:169,1
LF:49
LH:44
BRF:0
BRH:0
end_of_record
TN:
SF:src\controllers\shop.controller.ts
FN:13,(anonymous_7)
FN:13,(anonymous_8)
FN:30,(anonymous_9)
FN:30,(anonymous_10)
FN:47,(anonymous_11)
FN:47,(anonymous_12)
FN:64,(anonymous_13)
FN:64,(anonymous_14)
FN:81,(anonymous_15)
FN:81,(anonymous_16)
FNF:10
FNH:10
FNDA:2,(anonymous_7)
FNDA:2,(anonymous_8)
FNDA:2,(anonymous_9)
FNDA:2,(anonymous_10)
FNDA:2,(anonymous_11)
FNDA:2,(anonymous_12)
FNDA:2,(anonymous_13)
FNDA:2,(anonymous_14)
FNDA:2,(anonymous_15)
FNDA:2,(anonymous_16)
DA:2,1
DA:13,2
DA:14,2
DA:15,2
DA:16,1
DA:18,1
DA:30,2
DA:31,2
DA:32,2
DA:33,1
DA:35,1
DA:47,2
DA:48,2
DA:49,2
DA:50,1
DA:52,1
DA:64,2
DA:65,2
DA:66,2
DA:67,1
DA:69,1
DA:81,2
DA:82,2
DA:83,2
DA:84,1
DA:86,1
LF:26
LH:26
BRF:0
BRH:0
end_of_record
TN:
SF:src\controllers\user.controller.ts
FN:19,(anonymous_7)
FN:19,(anonymous_8)
FNF:2
FNH:2
FNDA:5,(anonymous_7)
FNDA:5,(anonymous_8)
DA:3,1
DA:19,5
DA:20,5
DA:21,5
DA:22,5
DA:23,1
DA:25,4
DA:26,4
DA:28,4
DA:30,3
DA:31,3
DA:32,2
DA:34,1
DA:35,1
DA:36,1
DA:38,0
DA:41,3
DA:42,1
DA:46,2
DA:49,1
LF:20
LH:19
BRDA:22,0,0,1
BRDA:22,1,0,5
BRDA:22,1,1,4
BRDA:28,2,0,3
BRDA:28,2,1,1
BRDA:28,2,2,0
BRDA:41,3,0,1
BRF:7
BRH:6
end_of_record
TN:
SF:src\models\userDto.ts
FN:9,completeUserToCreateUser
FNF:1
FNH:1
FNDA:2,completeUserToCreateUser
DA:9,2
DA:10,2
LF:2
LH:2
BRF:0
BRH:0
end_of_record
TN:
SF:src\services\auth.service.ts
FN:13,createUser
FN:35,getByEmailAndPwd
FNF:2
FNH:2
FNDA:2,createUser
FNDA:3,getByEmailAndPwd
DA:2,2
DA:3,2
DA:13,2
DA:14,2
DA:15,2
DA:21,1
DA:23,1
DA:35,2
DA:36,3
DA:37,3
DA:43,2
DA:44,1
DA:47,1
DA:49,1
DA:50,0
DA:53,1
DA:55,1
LF:17
LH:16
BRDA:43,0,0,1
BRDA:49,1,0,0
BRF:2
BRH:1
end_of_record
TN:
SF:src\services\product.service.ts
FN:12,getOne
FN:32,update
FN:53,create
FN:71,get
FN:87,getFree
FN:110,getAllProductByShop
FN:130,(anonymous_20)
FN:150,addNewProductToRayon
FN:172,getProductsBySectionName
FN:204,getSectionByProductId
FNF:10
FNH:10
FNDA:3,getOne
FNDA:2,update
FNDA:2,create
FNDA:2,get
FNDA:2,getFree
FNDA:2,getAllProductByShop
FNDA:2,(anonymous_20)
FNDA:1,addNewProductToRayon
FNDA:4,getProductsBySectionName
FNDA:3,getSectionByProductId
DA:1,2
DA:12,2
DA:13,3
DA:14,3
DA:20,1
DA:32,2
DA:33,2
DA:34,2
DA:42,1
DA:53,2
DA:55,2
DA:56,2
DA:61,1
DA:71,2
DA:72,2
DA:73,2
DA:76,1
DA:87,2
DA:88,2
DA:89,2
DA:99,1
DA:110,2
DA:111,2
DA:113,2
DA:130,2
DA:137,1
DA:150,2
DA:151,1
DA:172,2
DA:173,4
DA:175,4
DA:184,3
DA:185,0
DA:189,3
DA:192,1
DA:204,2
DA:205,3
DA:206,3
DA:211,2
DA:212,1
DA:215,1
DA:218,1
LF:42
LH:41
BRDA:132,0,0,1
BRDA:132,0,1,1
BRDA:184,1,0,0
BRDA:211,2,0,1
BRF:4
BRH:3
end_of_record
TN:
SF:src\services\shop.service.ts
FN:11,getShopById
FN:31,updateShop
FN:52,deleteShop
FN:79,createShop
FN:97,getAllShops
FNF:5
FNH:5
FNDA:3,getShopById
FNDA:2,updateShop
FNDA:2,deleteShop
FNDA:2,createShop
FNDA:2,getAllShops
DA:1,2
DA:11,2
DA:12,3
DA:13,3
DA:19,1
DA:31,2
DA:32,2
DA:33,2
DA:41,1
DA:52,2
DA:53,2
DA:55,2
DA:61,1
DA:68,1
DA:79,2
DA:81,2
DA:82,2
DA:87,1
DA:97,2
DA:98,2
DA:99,2
DA:102,1
LF:22
LH:22
BRF:0
BRH:0
end_of_record
TN:
SF:src\services\user.service.ts
FN:4,getUserById
FN:18,getUserByEmail
FNF:2
FNH:2
FNDA:3,getUserById
FNDA:3,getUserByEmail
DA:2,2
DA:4,2
DA:5,3
DA:6,3
DA:12,2
DA:14,1
DA:18,2
DA:19,3
DA:20,3
DA:26,2
DA:28,1
LF:11
LH:11
BRF:0
BRH:0
end_of_record
TN:
SF:src\utils\email.ts
FN:16,isValidEmail
FNF:1
FNH:1
FNDA:2,isValidEmail
DA:2,2
DA:6,2
DA:16,2
DA:17,2
DA:19,2
DA:20,2
DA:27,2
DA:29,2
LF:8
LH:8
BRDA:19,0,0,2
BRDA:27,1,0,1
BRDA:27,1,1,1
BRF:3
BRH:3
end_of_record
TN:
SF:src\utils\prisma.ts
FNF:0
FNH:0
DA:1,5
DA:6,5
DA:8,5
LF:3
LH:3
BRF:0
BRH:0
end_of_record
