TN:
SF:src\controllers\auth.controller.ts
FN:21,(anonymous_8)
FN:21,(anonymous_9)
FN:52,(anonymous_10)
FN:52,(anonymous_11)
FNF:4
FNH:4
FNDA:4,(anonymous_8)
FNDA:4,(anonymous_9)
FNDA:4,(anonymous_10)
FNDA:4,(anonymous_11)
DA:6,1
DA:7,1
DA:9,1
DA:10,1
DA:21,4
DA:22,4
DA:23,4
DA:24,4
DA:25,4
DA:27,4
DA:28,1
DA:31,3
DA:32,1
DA:34,1
DA:36,2
DA:37,1
DA:39,1
DA:52,4
DA:53,4
DA:54,4
DA:55,4
DA:56,2
DA:57,1
DA:59,1
DA:61,1
DA:63,2
DA:64,1
DA:66,1
LF:28
LH:28
BRDA:27,0,0,1
BRDA:36,1,0,1
BRDA:56,2,0,1
BRDA:63,3,0,1
BRF:4
BRH:4
end_of_record
TN:
SF:src\controllers\product.controller.ts
FN:28,(anonymous_7)
FN:28,(anonymous_8)
FN:46,(anonymous_9)
FN:46,(anonymous_10)
FN:64,(anonymous_11)
FN:64,(anonymous_12)
FN:82,(anonymous_13)
FN:82,(anonymous_14)
FN:100,(anonymous_15)
FN:100,(anonymous_16)
FN:118,(anonymous_17)
FN:118,(anonymous_18)
FN:136,(anonymous_19)
FN:136,(anonymous_20)
FN:155,(anonymous_21)
FN:155,(anonymous_22)
FN:175,(anonymous_23)
FN:175,(anonymous_24)
FNF:18
FNH:16
FNDA:2,(anonymous_7)
FNDA:2,(anonymous_8)
FNDA:2,(anonymous_9)
FNDA:2,(anonymous_10)
FNDA:2,(anonymous_11)
FNDA:2,(anonymous_12)
FNDA:2,(anonymous_13)
FNDA:2,(anonymous_14)
FNDA:2,(anonymous_15)
FNDA:2,(anonymous_16)
FNDA:2,(anonymous_17)
FNDA:2,(anonymous_18)
FNDA:2,(anonymous_19)
FNDA:2,(anonymous_20)
FNDA:0,(anonymous_21)
FNDA:0,(anonymous_22)
FNDA:2,(anonymous_23)
FNDA:2,(anonymous_24)
DA:6,1
DA:28,2
DA:29,2
DA:30,2
DA:31,1
DA:33,1
DA:46,2
DA:47,2
DA:48,2
DA:49,1
DA:51,1
DA:64,2
DA:65,2
DA:66,2
DA:67,1
DA:69,1
DA:82,2
DA:83,2
DA:84,2
DA:85,1
DA:87,1
DA:100,2
DA:101,2
DA:102,2
DA:103,1
DA:105,1
DA:118,2
DA:119,2
DA:120,2
DA:121,1
DA:123,1
DA:136,2
DA:137,2
DA:138,2
DA:139,2
DA:140,1
DA:142,1
DA:155,1
DA:156,0
DA:157,0
DA:158,0
DA:159,0
DA:161,0
DA:175,2
DA:176,2
DA:177,2
DA:178,2
DA:179,1
DA:182,1
LF:49
LH:44
BRF:0
BRH:0
end_of_record
TN:
SF:src\controllers\shop.controller.ts
FN:18,(anonymous_7)
FN:18,(anonymous_8)
FN:36,(anonymous_9)
FN:36,(anonymous_10)
FN:54,(anonymous_11)
FN:54,(anonymous_12)
FN:72,(anonymous_13)
FN:72,(anonymous_14)
FN:90,(anonymous_15)
FN:90,(anonymous_16)
FNF:10
FNH:10
FNDA:2,(anonymous_7)
FNDA:2,(anonymous_8)
FNDA:2,(anonymous_9)
FNDA:2,(anonymous_10)
FNDA:2,(anonymous_11)
FNDA:2,(anonymous_12)
FNDA:2,(anonymous_13)
FNDA:2,(anonymous_14)
FNDA:2,(anonymous_15)
FNDA:2,(anonymous_16)
DA:6,1
DA:18,2
DA:19,2
DA:20,2
DA:21,1
DA:23,1
DA:36,2
DA:37,2
DA:38,2
DA:39,1
DA:41,1
DA:54,2
DA:55,2
DA:56,2
DA:57,1
DA:59,1
DA:72,2
DA:73,2
DA:74,2
DA:75,1
DA:77,1
DA:90,2
DA:91,2
DA:92,2
DA:93,1
DA:95,1
LF:26
LH:26
BRF:0
BRH:0
end_of_record
TN:
SF:src\controllers\user.controller.ts
FN:25,(anonymous_7)
FN:25,(anonymous_8)
FNF:2
FNH:2
FNDA:5,(anonymous_7)
FNDA:5,(anonymous_8)
DA:8,1
DA:25,5
DA:26,5
DA:27,5
DA:28,5
DA:29,1
DA:31,4
DA:32,4
DA:34,4
DA:36,3
DA:37,3
DA:38,2
DA:40,1
DA:41,1
DA:42,1
DA:44,0
DA:47,3
DA:48,1
DA:52,2
DA:55,1
LF:20
LH:19
BRDA:28,0,0,1
BRDA:28,1,0,5
BRDA:28,1,1,4
BRDA:34,2,0,3
BRDA:34,2,1,1
BRDA:34,2,2,0
BRDA:47,3,0,1
BRF:7
BRH:6
end_of_record
TN:
SF:src\models\userDto.ts
FN:9,completeUserToCreateUser
FNF:1
FNH:1
FNDA:2,completeUserToCreateUser
DA:9,2
DA:10,2
LF:2
LH:2
BRF:0
BRH:0
end_of_record
TN:
SF:src\services\auth.service.ts
FN:18,createUser
FN:41,getByEmailAndPwd
FNF:2
FNH:2
FNDA:2,createUser
FNDA:3,getByEmailAndPwd
DA:6,2
DA:7,2
DA:18,2
DA:19,2
DA:20,2
DA:26,1
DA:28,1
DA:41,2
DA:42,3
DA:43,3
DA:49,2
DA:50,1
DA:53,1
DA:55,1
DA:56,0
DA:59,1
DA:61,1
LF:17
LH:16
BRDA:49,0,0,1
BRDA:55,1,0,0
BRF:2
BRH:1
end_of_record
TN:
SF:src\services\product.service.ts
FN:17,getOne
FN:38,update
FN:60,create
FN:79,get
FN:96,getFree
FN:120,getAllProductByShop
FN:140,(anonymous_20)
FN:161,addNewProductToRayon
FN:184,getProductsBySectionName
FN:217,getSectionByProductId
FNF:10
FNH:10
FNDA:3,getOne
FNDA:2,update
FNDA:2,create
FNDA:2,get
FNDA:2,getFree
FNDA:2,getAllProductByShop
FNDA:2,(anonymous_20)
FNDA:1,addNewProductToRayon
FNDA:4,getProductsBySectionName
FNDA:3,getSectionByProductId
DA:5,2
DA:17,2
DA:18,3
DA:19,3
DA:25,1
DA:38,2
DA:39,2
DA:40,2
DA:48,1
DA:60,2
DA:62,2
DA:63,2
DA:68,1
DA:79,2
DA:80,2
DA:81,2
DA:84,1
DA:96,2
DA:97,2
DA:98,2
DA:108,1
DA:120,2
DA:121,2
DA:123,2
DA:140,2
DA:147,1
DA:161,2
DA:162,1
DA:184,2
DA:185,4
DA:187,4
DA:196,3
DA:197,0
DA:201,3
DA:204,1
DA:217,2
DA:218,3
DA:219,3
DA:224,2
DA:225,1
DA:228,1
DA:231,1
LF:42
LH:41
BRDA:142,0,0,1
BRDA:142,0,1,1
BRDA:196,1,0,0
BRDA:224,2,0,1
BRF:4
BRH:3
end_of_record
TN:
SF:src\services\shop.service.ts
FN:16,getShopById
FN:37,updateShop
FN:59,deleteShop
FN:87,createShop
FN:106,getAllShops
FNF:5
FNH:5
FNDA:3,getShopById
FNDA:2,updateShop
FNDA:2,deleteShop
FNDA:2,createShop
FNDA:2,getAllShops
DA:5,2
DA:16,2
DA:17,3
DA:18,3
DA:24,1
DA:37,2
DA:38,2
DA:39,2
DA:47,1
DA:59,2
DA:60,2
DA:62,2
DA:68,1
DA:75,1
DA:87,2
DA:89,2
DA:90,2
DA:95,1
DA:106,2
DA:107,2
DA:108,2
DA:111,1
LF:22
LH:22
BRF:0
BRH:0
end_of_record
TN:
SF:src\services\user.service.ts
FN:16,getUserById
FN:38,getUserByEmail
FNF:2
FNH:2
FNDA:3,getUserById
FNDA:3,getUserByEmail
DA:6,2
DA:16,2
DA:17,3
DA:18,3
DA:24,2
DA:26,1
DA:38,2
DA:39,3
DA:40,3
DA:46,2
DA:48,1
LF:11
LH:11
BRF:0
BRH:0
end_of_record
TN:
SF:src\utils\email.ts
FN:16,isValidEmail
FNF:1
FNH:1
FNDA:2,isValidEmail
DA:2,2
DA:6,2
DA:16,2
DA:17,2
DA:19,2
DA:20,2
DA:27,2
DA:29,2
LF:8
LH:8
BRDA:19,0,0,2
BRDA:27,1,0,1
BRDA:27,1,1,1
BRF:3
BRH:3
end_of_record
TN:
SF:src\utils\prisma.ts
FNF:0
FNH:0
DA:1,5
DA:6,5
DA:8,5
LF:3
LH:3
BRF:0
BRH:0
end_of_record
