SF:lib\main.dart
DA:4,0
DA:5,0
LF:2
LH:0
end_of_record
SF:lib\app.dart
DA:11,1
DA:13,0
DA:15,0
DA:16,0
DA:17,0
DA:18,0
DA:19,0
DA:20,0
DA:22,0
LF:9
LH:1
end_of_record
SF:lib\blocs\navigation_bloc.dart
DA:20,0
DA:29,0
DA:30,0
DA:33,0
DA:34,0
LF:5
LH:0
end_of_record
SF:lib\ui\screens\home_screen.dart
DA:13,2
DA:15,0
DA:16,0
DA:23,0
DA:24,0
DA:26,0
DA:27,0
DA:28,0
DA:29,0
DA:33,0
DA:36,0
DA:37,0
DA:39,0
DA:41,0
DA:44,0
DA:45,0
DA:47,0
DA:51,0
DA:53,0
DA:55,0
DA:56,0
DA:57,0
DA:58,0
DA:59,0
DA:60,0
DA:61,0
DA:62,0
DA:64,0
DA:66,0
DA:67,0
DA:69,0
DA:72,0
DA:73,0
DA:75,0
DA:76,0
DA:77,0
DA:78,0
DA:79,0
DA:80,0
DA:83,0
DA:84,0
DA:85,0
DA:86,0
DA:91,0
DA:92,0
DA:94,0
DA:95,0
DA:96,0
DA:97,0
DA:99,0
DA:100,0
DA:101,0
DA:102,0
DA:107,0
DA:108,0
DA:109,0
DA:111,0
DA:112,0
DA:113,0
DA:114,0
DA:123,0
DA:124,0
DA:125,0
DA:126,0
DA:127,0
DA:132,0
LF:66
LH:1
end_of_record
SF:lib\config\theme.dart
DA:5,0
DA:6,0
DA:7,0
DA:13,0
DA:14,0
DA:15,0
DA:16,0
DA:19,0
DA:20,0
DA:25,0
DA:29,0
DA:30,0
DA:34,0
DA:35,0
DA:36,0
DA:37,0
DA:38,0
DA:39,0
LF:18
LH:0
end_of_record
SF:lib\utils\screen_utils.dart
DA:6,0
DA:7,0
DA:8,0
DA:9,0
DA:11,0
DA:12,0
DA:13,0
DA:14,0
DA:17,0
DA:19,0
DA:20,0
DA:23,0
DA:26,0
DA:30,0
DA:33,0
DA:34,0
DA:39,0
DA:40,0
LF:18
LH:0
end_of_record
SF:lib\blocs\shopping_list_bloc.dart
DA:8,0
DA:10,0
DA:11,0
DA:13,0
DA:15,0
DA:16,0
DA:22,0
DA:23,0
DA:31,0
DA:33,0
DA:34,0
DA:39,0
DA:40,0
DA:48,0
DA:50,0
DA:51,0
DA:58,0
DA:59,0
DA:60,0
DA:63,0
DA:64,0
DA:67,0
DA:68,0
DA:70,0
DA:71,0
DA:75,0
DA:76,0
DA:77,0
DA:78,0
DA:79,0
DA:81,0
DA:82,0
DA:83,0
DA:84,0
DA:88,0
LF:35
LH:0
end_of_record
SF:lib\models\product.dart
DA:7,0
DA:14,0
DA:15,0
DA:16,0
DA:17,0
DA:18,0
DA:19,0
LF:7
LH:0
end_of_record
SF:lib\models\shopping_list.dart
DA:8,0
DA:15,0
DA:16,0
DA:17,0
DA:18,0
DA:19,0
DA:20,0
DA:21,0
DA:22,0
LF:9
LH:0
end_of_record
SF:lib\ui\screens\final_navigation_screen.dart
DA:7,1
DA:9,0
DA:10,0
DA:14,0
DA:16,0
DA:18,0
DA:19,0
DA:20,0
DA:21,0
DA:26,0
DA:28,0
DA:29,0
DA:31,0
DA:32,0
DA:45,0
DA:46,0
DA:47,0
DA:49,0
DA:51,0
DA:52,0
DA:53,0
DA:55,0
DA:61,0
DA:63,0
DA:65,0
DA:66,0
LF:26
LH:1
end_of_record
SF:lib\ui\screens\navigation_screen.dart
DA:7,0
DA:9,0
DA:10,0
DA:12,0
DA:13,0
DA:26,0
DA:27,0
DA:28,0
DA:29,0
DA:31,0
DA:33,0
DA:35,0
DA:36,0
DA:38,0
DA:39,0
DA:40,0
DA:42,0
DA:43,0
DA:44,0
DA:45,0
DA:46,0
DA:56,0
DA:58,0
DA:59,0
DA:62,0
DA:67,0
DA:69,0
DA:70,0
DA:71,0
DA:72,0
DA:80,0
DA:82,0
DA:83,0
DA:84,0
DA:86,0
DA:87,0
DA:88,0
DA:90,0
DA:93,0
DA:98,0
DA:101,0
DA:103,0
DA:105,0
DA:107,0
DA:113,0
DA:115,0
DA:116,0
DA:119,0
DA:124,0
DA:127,0
DA:129,0
DA:131,0
DA:133,0
LF:53
LH:0
end_of_record
SF:lib\ui\screens\product_search_screen.dart
DA:4,0
DA:5,0
DA:50,0
DA:52,0
DA:55,0
DA:56,0
DA:57,0
DA:59,0
DA:60,0
DA:61,0
DA:62,0
DA:64,0
DA:65,0
DA:66,0
DA:68,0
DA:70,0
DA:77,0
DA:79,0
DA:80,0
DA:83,0
DA:86,0
DA:87,0
DA:97,0
DA:99,0
DA:100,0
DA:102,0
DA:104,0
DA:105,0
DA:106,0
DA:114,0
DA:115,0
DA:116,0
DA:124,0
DA:127,0
DA:128,0
DA:129,0
DA:130,0
DA:131,0
DA:132,0
DA:133,0
DA:135,0
DA:137,0
DA:138,0
DA:139,0
DA:141,0
DA:142,0
DA:150,0
LF:47
LH:0
end_of_record
SF:lib\ui\screens\shopping_list_screen.dart
DA:6,0
DA:8,0
DA:10,0
DA:12,0
DA:13,0
DA:23,0
DA:24,0
DA:25,0
DA:26,0
DA:27,0
DA:28,0
DA:29,0
DA:31,0
DA:32,0
DA:34,0
DA:35,0
DA:36,0
DA:38,0
DA:39,0
DA:40,0
DA:41,0
DA:42,0
DA:43,0
DA:44,0
DA:45,0
DA:46,0
DA:55,0
DA:56,0
DA:58,0
DA:59,0
DA:64,0
DA:65,0
DA:66,0
DA:67,0
DA:68,0
DA:69,0
DA:70,0
DA:71,0
DA:72,0
DA:73,0
DA:74,0
DA:75,0
DA:76,0
DA:78,0
DA:79,0
DA:81,0
DA:82,0
DA:84,0
DA:85,0
DA:86,0
DA:88,0
DA:89,0
DA:90,0
DA:91,0
DA:98,0
DA:99,0
DA:100,0
DA:109,0
DA:110,0
DA:112,0
DA:118,0
DA:119,0
DA:120,0
DA:121,0
DA:122,0
DA:128,0
DA:133,0
DA:136,0
DA:138,0
DA:140,0
DA:142,0
DA:148,0
DA:149,0
DA:150,0
DA:153,0
DA:158,0
DA:161,0
DA:163,0
DA:165,0
DA:167,0
LF:80
LH:0
end_of_record
SF:lib\ui\widgets\app_header.dart
DA:10,0
DA:18,0
DA:20,0
DA:21,0
DA:22,0
DA:23,0
DA:24,0
DA:26,0
DA:27,0
DA:28,0
DA:29,0
DA:30,0
DA:31,0
DA:32,0
DA:33,0
DA:35,0
DA:36,0
DA:42,0
DA:43,0
DA:45,0
DA:46,0
DA:48,0
DA:53,0
DA:54,0
DA:55,0
DA:56,0
DA:60,0
DA:61,0
DA:62,0
DA:63,0
DA:64,0
DA:65,0
DA:66,0
DA:67,0
DA:69,0
DA:70,0
DA:71,0
DA:72,0
DA:73,0
DA:75,0
LF:40
LH:0
end_of_record
SF:lib\ui\widgets\action_button.dart
DA:8,0
DA:10,0
DA:12,0
DA:14,0
DA:15,0
DA:16,0
DA:17,0
DA:18,0
DA:19,0
DA:20,0
DA:22,0
DA:24,0
DA:25,0
LF:13
LH:0
end_of_record
SF:lib\ui\widgets\start_button.dart
DA:6,0
DA:8,0
DA:10,0
DA:11,0
DA:12,0
DA:13,0
DA:14,0
DA:15,0
DA:17,0
DA:18,0
DA:20,0
LF:11
LH:0
end_of_record
