SF:lib/services/text_to_speech_service.dart
DA:7,1
DA:9,1
DA:10,2
DA:11,2
DA:12,2
DA:15,1
DA:17,1
DA:18,2
DA:21,1
DA:22,2
DA:25,1
DA:26,2
LF:12
LH:12
end_of_record
SF:lib/models/grid.dart
DA:8,3
DA:11,2
DA:12,12
DA:15,4
DA:17,0
DA:19,0
DA:20,0
DA:21,0
DA:22,0
DA:24,0
DA:25,0
LF:11
LH:4
end_of_record
SF:lib/services/navigation/location_service.dart
DA:23,1
DA:24,2
DA:25,2
DA:26,2
DA:27,1
DA:59,1
DA:60,1
DA:61,1
DA:63,1
DA:64,1
DA:65,1
DA:66,2
DA:67,2
DA:69,1
DA:72,4
DA:73,5
DA:74,1
DA:76,1
DA:77,1
DA:78,2
DA:79,2
DA:81,1
DA:82,1
DA:85,4
DA:87,2
DA:88,4
DA:89,2
DA:92,1
DA:93,2
DA:95,1
DA:96,4
DA:97,1
DA:102,1
DA:132,1
DA:134,1
DA:135,4
DA:137,2
DA:138,4
DA:139,2
DA:142,2
DA:195,1
DA:205,2
DA:206,2
DA:207,2
DA:208,2
DA:209,2
DA:210,2
DA:216,1
DA:217,1
DA:218,1
DA:221,2
DA:222,2
DA:223,11
DA:225,2
DA:226,2
DA:227,11
DA:229,3
DA:230,1
DA:231,1
DA:235,4
DA:236,7
DA:238,3
DA:261,1
DA:263,1
DA:264,1
DA:267,1
DA:268,1
DA:269,1
DA:270,2
DA:271,2
DA:272,2
DA:278,1
DA:318,1
DA:321,1
DA:324,0
DA:326,0
DA:359,1
DA:360,2
DA:361,5
DA:362,5
DA:375,1
DA:378,1
DA:382,3
DA:383,2
DA:384,2
DA:393,2
DA:400,1
DA:403,1
DA:405,3
DA:406,3
DA:407,2
DA:408,2
DA:409,2
LF:93
LH:91
end_of_record
SF:lib/models/node.dart
DA:5,2
DA:7,2
DA:9,6
LF:3
LH:3
end_of_record
SF:lib/services/navigation/compass_service.dart
DA:15,6
DA:21,0
DA:24,2
DA:25,2
DA:28,6
DA:31,4
DA:34,2
DA:35,2
DA:36,2
DA:37,2
DA:41,2
DA:43,2
DA:45,2
DA:49,2
DA:50,6
DA:51,2
DA:52,4
DA:53,6
DA:61,2
DA:62,8
DA:71,2
DA:73,2
DA:74,2
DA:75,6
DA:77,4
DA:84,2
DA:86,8
DA:87,8
DA:88,6
DA:90,4
DA:96,2
DA:100,2
DA:103,2
DA:106,2
DA:109,2
DA:112,2
DA:116,2
DA:120,2
DA:121,4
DA:122,4
DA:135,0
DA:136,0
DA:139,0
DA:140,0
DA:144,0
DA:147,0
DA:148,0
DA:149,0
DA:158,0
DA:161,0
DA:164,0
LF:51
LH:39
end_of_record
SF:lib/services/navigation/init_navigation_service.dart
DA:23,1
DA:29,2
DA:30,1
DA:31,1
DA:32,2
DA:33,1
DA:40,3
DA:41,1
DA:42,2
DA:43,2
DA:44,2
DA:45,2
DA:46,1
DA:48,2
DA:49,1
DA:52,4
DA:61,1
DA:77,1
DA:78,1
DA:94,0
DA:95,0
DA:96,0
DA:97,0
DA:98,0
LF:24
LH:19
end_of_record
SF:lib/services/navigation/direction_service.dart
DA:22,1
DA:23,2
DA:25,1
DA:26,1
DA:28,3
DA:29,3
DA:30,3
DA:55,1
DA:57,1
DA:61,0
DA:69,3
DA:70,2
DA:71,3
DA:72,3
DA:75,4
DA:94,1
LF:16
LH:15
end_of_record
SF:lib/models/zoneInstruction.dart
DA:8,1
DA:14,0
DA:16,0
DA:19,1
DA:20,1
DA:21,2
DA:22,9
DA:26,1
DA:27,3
DA:28,3
DA:29,1
DA:30,1
DA:31,1
DA:32,1
DA:33,4
DA:37,1
DA:38,1
DA:42,4
DA:43,2
DA:44,1
DA:45,2
DA:47,3
DA:48,3
DA:49,3
DA:50,3
DA:52,2
DA:54,1
DA:56,0
DA:58,0
DA:63,1
DA:64,6
DA:65,6
DA:66,2
DA:71,2
DA:77,2
DA:78,3
DA:81,0
DA:82,0
DA:83,0
DA:84,0
DA:85,0
DA:86,0
DA:87,0
DA:89,0
DA:91,1
DA:92,6
DA:93,6
DA:94,2
DA:98,2
DA:105,0
DA:111,0
DA:113,0
DA:114,0
DA:117,0
DA:118,0
DA:119,0
DA:120,0
DA:121,0
DA:122,0
DA:123,0
DA:124,0
DA:125,0
DA:127,0
DA:130,0
DA:134,0
DA:136,0
DA:138,0
DA:140,0
DA:142,0
DA:144,0
LF:70
LH:37
end_of_record
SF:lib/models/product.g.dart
DA:13,0
DA:15,0
DA:16,0
DA:17,0
DA:19,0
DA:20,0
DA:21,0
DA:22,0
DA:23,0
DA:27,0
DA:30,0
DA:31,0
DA:32,0
DA:33,0
DA:34,0
DA:35,0
DA:36,0
DA:37,0
DA:38,0
DA:41,0
DA:42,0
DA:44,0
DA:47,0
DA:48,0
DA:49,0
LF:25
LH:0
end_of_record
SF:lib/models/product.dart
DA:19,2
DA:26,2
DA:28,2
DA:29,4
DA:30,4
DA:31,4
DA:32,4
DA:35,0
DA:36,0
DA:41,2
DA:42,1
DA:43,1
DA:44,1
DA:45,1
DA:48,1
DA:50,5
LF:16
LH:14
end_of_record
SF:lib/models/section.dart
DA:22,1
DA:31,1
DA:33,1
DA:34,2
DA:35,2
DA:36,1
DA:37,1
DA:38,1
DA:41,0
DA:42,0
DA:47,2
DA:48,1
DA:49,1
DA:50,1
DA:51,1
DA:52,1
DA:55,1
DA:57,6
LF:18
LH:16
end_of_record
SF:lib/models/section.g.dart
DA:13,0
DA:15,0
DA:16,0
DA:17,0
DA:19,0
DA:20,0
DA:21,0
DA:22,0
DA:23,0
DA:24,0
DA:28,0
DA:31,0
DA:32,0
DA:33,0
DA:34,0
DA:35,0
DA:36,0
DA:37,0
DA:38,0
DA:39,0
DA:40,0
DA:41,0
DA:44,0
DA:45,0
DA:47,0
DA:50,0
DA:51,0
DA:52,0
LF:28
LH:0
end_of_record
SF:lib/models/shop.g.dart
DA:13,0
DA:15,0
DA:16,0
DA:17,0
DA:19,0
DA:20,0
DA:21,0
DA:22,0
DA:23,0
DA:24,0
DA:25,0
DA:26,0
DA:30,0
DA:33,0
DA:34,0
DA:35,0
DA:36,0
DA:37,0
DA:38,0
DA:39,0
DA:40,0
DA:41,0
DA:42,0
DA:43,0
DA:46,0
DA:47,0
DA:49,0
DA:52,0
DA:53,0
DA:54,0
DA:61,0
DA:63,0
DA:64,0
DA:65,0
DA:67,0
DA:68,0
DA:69,0
DA:70,0
DA:71,0
DA:75,0
DA:78,0
DA:79,0
DA:80,0
DA:81,0
DA:82,0
DA:83,0
DA:84,0
DA:85,0
DA:86,0
DA:89,0
DA:90,0
DA:92,0
DA:95,0
DA:96,0
DA:97,0
LF:55
LH:0
end_of_record
SF:lib/models/shop.dart
DA:23,1
DA:31,1
DA:32,1
DA:33,2
DA:34,1
DA:35,0
DA:36,1
DA:37,1
DA:38,1
DA:39,1
DA:40,2
DA:41,3
DA:42,1
DA:43,1
DA:47,1
DA:48,1
DA:49,1
DA:50,1
DA:51,1
DA:52,1
DA:53,3
DA:54,4
DA:55,1
DA:74,1
DA:81,1
DA:82,1
DA:83,1
DA:84,1
DA:85,1
DA:86,1
DA:90,1
DA:91,1
DA:92,1
DA:93,1
DA:94,1
DA:95,1
LF:36
LH:35
end_of_record
SF:lib/models/shopping_list.dart
DA:9,1
DA:16,1
DA:17,1
DA:18,2
DA:19,1
DA:20,1
DA:21,1
DA:22,3
DA:23,1
LF:9
LH:9
end_of_record
